<?xml version="1.0" encoding="UTF-8"?>
<!-- Generated by org.testng.reporters.JUnitXMLReporter -->
<testsuite hostname="PIL-PC-1048" ignored="2" name="Command line test" tests="11" failures="1" timestamp="28 Nov 2019 06:55:24 GMT" time="7.648" errors="0">
  <testcase name="@AfterMethod afterMethod" time="0.0" classname="com.hybridFramework.testBase.TestBase">
    <failure type="java.lang.NullPointerException">
      <![CDATA[java.lang.NullPointerException
	at com.hybridFramework.testBase.TestBase.getScreenShot(TestBase.java:135)
	at com.hybridFramework.testBase.TestBase.getresult(TestBase.java:154)
	at com.hybridFramework.testBase.TestBase.afterMethod(TestBase.java:163)
... Removed 37 stack frames]]>
    </failure>
  </testcase> <!-- @AfterMethod afterMethod -->
  <testcase name="testLogin" time="0.0" classname="com.hybridFramework.homepage.TestDaataDrivenScript1"/>
  <testcase name="testLogin" time="0.0" classname="com.hybridFramework.homepage.TestDaataDrivenScript1"/>
  <testcase name="testLogin" time="0.0" classname="com.hybridFramework.homepage.TestDaataDrivenScript1"/>
  <testcase name="testLogin" time="0.0" classname="com.hybridFramework.homepage.TestDataDriverScript"/>
  <testcase name="testLogin" time="0.0" classname="com.hybridFramework.homepage.TestDataDriverScript"/>
  <testcase name="testLogin" time="0.0" classname="com.hybridFramework.homepage.TestDataDriverScript"/>
  <testcase name="testLogin" time="0.0" classname="com.hybridFramework.homepage.TestDataDriverScript"/>
  <testcase name="testLogin" time="0.0" classname="com.hybridFramework.homepage.TestDataDriverScript"/>
  <testcase name="testLogin" time="0.0" classname="com.hybridFramework.homepage.TestDataDriverScript"/>
  <testcase name="testLogin" time="0.0" classname="com.hybridFramework.homepage.TestDataDriverScript"/>
  <testcase name="testLoginToApplication" time="0.001" classname="com.hybridFramework.loginPage.LoginTest">
    <failure type="java.lang.NullPointerException">
      <![CDATA[java.lang.NullPointerException
	at com.hybridFramework.loginPage.LoginTest.testLoginToApplication(LoginTest.java:20)
... Removed 35 stack frames]]>
    </failure>
  </testcase> <!-- testLoginToApplication -->
  <testcase name="@BeforeTest launchBrowser" time="0.0" classname="com.hybridFramework.testBase.TestBase">
    <ignored/>
  </testcase> <!-- @BeforeTest launchBrowser -->
  <testcase name="@BeforeTest launchBrowser" time="0.0" classname="com.hybridFramework.testBase.TestBase">
    <ignored/>
  </testcase> <!-- @BeforeTest launchBrowser -->
</testsuite> <!-- Command line test -->
