<?xml version="1.0" encoding="UTF-8" ?>
<testsuite tests="12" failures="2" name="TestSuite" time="0.021" errors="0" skipped="0">
  <properties>
[...]
</properties>
  <testcase classname="com.hybridFramework.homepage.TestDaataDrivenScript1" name="testLogin" time="0"/>
  <testcase classname="com.hybridFramework.homepage.TestDaataDrivenScript1" name="testLogin" time="0"/>
  <testcase classname="com.hybridFramework.homepage.TestDaataDrivenScript1" name="testLogin" time="0"/>
  <testcase classname="com.hybridFramework.homepage.TestDataDriverScript" name="testLogin" time="0"/>
  <testcase classname="com.hybridFramework.homepage.TestDataDriverScript" name="testLogin" time="0"/>
  <testcase classname="com.hybridFramework.homepage.TestDataDriverScript" name="testLogin" time="0"/>
  <testcase classname="com.hybridFramework.homepage.TestDataDriverScript" name="testLogin" time="0"/>
  <testcase classname="com.hybridFramework.homepage.TestDataDriverScript" name="testLogin" time="0"/>
  <testcase classname="com.hybridFramework.homepage.TestDataDriverScript" name="testLogin" time="0"/>
  <testcase classname="com.hybridFramework.homepage.TestDataDriverScript" name="testLogin" time="0"/>
  <testcase classname="com.hybridFramework.loginPage.LoginTest" name="testLoginToApplication" time="0.002">
    <failure type="java.lang.NullPointerException">java.lang.NullPointerException
	at com.hybridFramework.loginPage.LoginTest.testLoginToApplication(LoginTest.java:20)
</failure>
    <system-out>2019-11-28 12:25:24 INFO  LoginTest:18 - com.hybridFramework.loginPage.LoginTest started
</system-out>
  </testcase>
  <testcase classname="com.hybridFramework.loginPage.LoginTest" name="afterMethod" time="0.019">
    <failure type="java.lang.NullPointerException">java.lang.NullPointerException
	at com.hybridFramework.testBase.TestBase.getScreenShot(TestBase.java:135)
	at com.hybridFramework.testBase.TestBase.getresult(TestBase.java:154)
	at com.hybridFramework.testBase.TestBase.afterMethod(TestBase.java:163)
	at sun.reflect.NativeMethodAccessorImpl.invoke0(Native Method)
	at sun.reflect.NativeMethodAccessorImpl.invoke(Unknown Source)
	at sun.reflect.DelegatingMethodAccessorImpl.invoke(Unknown Source)
	at java.lang.reflect.Method.invoke(Unknown Source)
	at org.testng.internal.MethodInvocationHelper.invokeMethod(MethodInvocationHelper.java:104)
	at org.testng.internal.Invoker.invokeConfigurationMethod(Invoker.java:515)
	at org.testng.internal.Invoker.invokeConfigurations(Invoker.java:217)
	at org.testng.internal.Invoker.invokeMethod(Invoker.java:712)
	at org.testng.internal.Invoker.invokeTestMethod(Invoker.java:851)
	at org.testng.internal.Invoker.invokeTestMethods(Invoker.java:1177)
	at org.testng.internal.TestMethodWorker.invokeTestMethods(TestMethodWorker.java:129)
	at org.testng.internal.TestMethodWorker.run(TestMethodWorker.java:112)
	at org.testng.TestRunner.privateRun(TestRunner.java:756)
	at org.testng.TestRunner.run(TestRunner.java:610)
	at org.testng.SuiteRunner.runTest(SuiteRunner.java:387)
	at org.testng.SuiteRunner.runSequentially(SuiteRunner.java:382)
	at org.testng.SuiteRunner.privateRun(SuiteRunner.java:340)
	at org.testng.SuiteRunner.run(SuiteRunner.java:289)
	at org.testng.SuiteRunnerWorker.runSuite(SuiteRunnerWorker.java:52)
	at org.testng.SuiteRunnerWorker.run(SuiteRunnerWorker.java:86)
	at org.testng.TestNG.runSuitesSequentially(TestNG.java:1293)
	at org.testng.TestNG.runSuitesLocally(TestNG.java:1218)
	at org.testng.TestNG.runSuites(TestNG.java:1133)
	at org.testng.TestNG.run(TestNG.java:1104)
	at org.apache.maven.surefire.testng.TestNGExecutor.run(TestNGExecutor.java:77)
	at org.apache.maven.surefire.testng.TestNGDirectoryTestSuite.executeMulti(TestNGDirectoryTestSuite.java:159)
	at org.apache.maven.surefire.testng.TestNGDirectoryTestSuite.execute(TestNGDirectoryTestSuite.java:99)
	at org.apache.maven.surefire.testng.TestNGProvider.invoke(TestNGProvider.java:106)
	at sun.reflect.NativeMethodAccessorImpl.invoke0(Native Method)
	at sun.reflect.NativeMethodAccessorImpl.invoke(Unknown Source)
	at sun.reflect.DelegatingMethodAccessorImpl.invoke(Unknown Source)
	at java.lang.reflect.Method.invoke(Unknown Source)
	at org.apache.maven.surefire.util.ReflectionUtils.invokeMethodWithArray(ReflectionUtils.java:189)
	at org.apache.maven.surefire.booter.ProviderFactory$ProviderProxy.invoke(ProviderFactory.java:165)
	at org.apache.maven.surefire.booter.ProviderFactory.invokeProvider(ProviderFactory.java:85)
	at org.apache.maven.surefire.booter.ForkedBooter.runSuitesInProcess(ForkedBooter.java:115)
	at org.apache.maven.surefire.booter.ForkedBooter.main(ForkedBooter.java:75)
</failure>
  </testcase>
</testsuite>