<?xml version="1.0" encoding="UTF-8"?>
<testng-results skipped="0" failed="1" ignored="2" total="13" passed="10">
  <reporter-output>
  </reporter-output>
  <suite name="Command line suite" duration-ms="7648" started-at="2019-11-28T06:55:17Z" finished-at="2019-11-28T06:55:24Z">
    <groups>
    </groups>
    <test name="Command line test" duration-ms="7648" started-at="2019-11-28T06:55:17Z" finished-at="2019-11-28T06:55:24Z">
      <class name="com.hybridFramework.homepage.TestDaataDrivenScript1">
        <test-method status="PASS" signature="launchBrowser()[pri:0, instance:com.hybridFramework.homepage.TestDaataDrivenScript1@1ee807c6]" name="launchBrowser" is-config="true" duration-ms="4840" started-at="2019-11-28T12:25:17Z" finished-at="2019-11-28T12:25:22Z">
          <reporter-output>
          </reporter-output>
        </test-method> <!-- launchBrowser -->
        <test-method status="PASS" signature="endTest()[pri:0, instance:com.hybridFramework.homepage.TestDaataDrivenScript1@1ee807c6]" name="endTest" is-config="true" duration-ms="157" started-at="2019-11-28T12:25:24Z" finished-at="2019-11-28T12:25:24Z">
          <reporter-output>
          </reporter-output>
        </test-method> <!-- endTest -->
        <test-method status="PASS" signature="afterMethod(org.testng.ITestResult)[pri:0, instance:com.hybridFramework.homepage.TestDaataDrivenScript1@1ee807c6]" name="afterMethod" is-config="true" duration-ms="0" started-at="2019-11-28T12:25:24Z" finished-at="2019-11-28T12:25:24Z">
          <params>
            <param index="0">
              <value>
                <![CDATA[[TestResult name=testLogin status=SUCCESS method=TestDaataDrivenScript1.testLogin(java.lang.String, java.lang.String, java.lang.String, java.lang.String, java.lang.String, java.lang.String)[pri:0, instance:com.hybridFramework.homepage.TestDaataDrivenScript1@1ee807c6] output={null}]]]>
              </value>
            </param>
          </params>
          <reporter-output>
          </reporter-output>
        </test-method> <!-- afterMethod -->
        <test-method status="PASS" signature="testLogin(java.lang.String, java.lang.String, java.lang.String, java.lang.String, java.lang.String, java.lang.String)[pri:0, instance:com.hybridFramework.homepage.TestDaataDrivenScript1@1ee807c6]" name="testLogin" duration-ms="0" started-at="2019-11-28T12:25:24Z" data-provider="testData" finished-at="2019-11-28T12:25:24Z">
          <params>
            <param index="0">
              <value>
                <![CDATA[A]]>
              </value>
            </param>
            <param index="1">
              <value>
                <![CDATA[B]]>
              </value>
            </param>
            <param index="2">
              <value>
                <![CDATA[C]]>
              </value>
            </param>
            <param index="3">
              <value>
                <![CDATA[D]]>
              </value>
            </param>
            <param index="4">
              <value>
                <![CDATA[E]]>
              </value>
            </param>
            <param index="5">
              <value>
                <![CDATA[F]]>
              </value>
            </param>
          </params>
          <reporter-output>
          </reporter-output>
        </test-method> <!-- testLogin -->
        <test-method status="PASS" signature="afterMethod(org.testng.ITestResult)[pri:0, instance:com.hybridFramework.homepage.TestDaataDrivenScript1@1ee807c6]" name="afterMethod" is-config="true" duration-ms="0" started-at="2019-11-28T12:25:24Z" finished-at="2019-11-28T12:25:24Z">
          <params>
            <param index="0">
              <value>
                <![CDATA[[TestResult name=testLogin status=SUCCESS method=TestDaataDrivenScript1.testLogin(java.lang.String, java.lang.String, java.lang.String, java.lang.String, java.lang.String, java.lang.String)[pri:0, instance:com.hybridFramework.homepage.TestDaataDrivenScript1@1ee807c6] output={null}]]]>
              </value>
            </param>
          </params>
          <reporter-output>
          </reporter-output>
        </test-method> <!-- afterMethod -->
        <test-method status="PASS" signature="beforeMethod(java.lang.reflect.Method)[pri:0, instance:com.hybridFramework.homepage.TestDaataDrivenScript1@1ee807c6]" name="beforeMethod" is-config="true" duration-ms="0" started-at="2019-11-28T12:25:24Z" finished-at="2019-11-28T12:25:24Z">
          <params>
            <param index="0">
              <value>
                <![CDATA[public void com.hybridFramework.homepage.TestDaataDrivenScript1.testLogin(java.lang.String,java.lang.String,java.lang.String,java.lang.String,java.lang.String,java.lang.String)]]>
              </value>
            </param>
          </params>
          <reporter-output>
          </reporter-output>
        </test-method> <!-- beforeMethod -->
        <test-method status="PASS" signature="afterMethod(org.testng.ITestResult)[pri:0, instance:com.hybridFramework.homepage.TestDaataDrivenScript1@1ee807c6]" name="afterMethod" is-config="true" duration-ms="0" started-at="2019-11-28T12:25:24Z" finished-at="2019-11-28T12:25:24Z">
          <params>
            <param index="0">
              <value>
                <![CDATA[[TestResult name=testLogin status=SUCCESS method=TestDaataDrivenScript1.testLogin(java.lang.String, java.lang.String, java.lang.String, java.lang.String, java.lang.String, java.lang.String)[pri:0, instance:com.hybridFramework.homepage.TestDaataDrivenScript1@1ee807c6] output={null}]]]>
              </value>
            </param>
          </params>
          <reporter-output>
          </reporter-output>
        </test-method> <!-- afterMethod -->
        <test-method status="PASS" signature="beforeMethod(java.lang.reflect.Method)[pri:0, instance:com.hybridFramework.homepage.TestDaataDrivenScript1@1ee807c6]" name="beforeMethod" is-config="true" duration-ms="0" started-at="2019-11-28T12:25:24Z" finished-at="2019-11-28T12:25:24Z">
          <params>
            <param index="0">
              <value>
                <![CDATA[public void com.hybridFramework.homepage.TestDaataDrivenScript1.testLogin(java.lang.String,java.lang.String,java.lang.String,java.lang.String,java.lang.String,java.lang.String)]]>
              </value>
            </param>
          </params>
          <reporter-output>
          </reporter-output>
        </test-method> <!-- beforeMethod -->
        <test-method status="PASS" signature="beforeMethod(java.lang.reflect.Method)[pri:0, instance:com.hybridFramework.homepage.TestDaataDrivenScript1@1ee807c6]" name="beforeMethod" is-config="true" duration-ms="0" started-at="2019-11-28T12:25:24Z" finished-at="2019-11-28T12:25:24Z">
          <params>
            <param index="0">
              <value>
                <![CDATA[public void com.hybridFramework.homepage.TestDaataDrivenScript1.testLogin(java.lang.String,java.lang.String,java.lang.String,java.lang.String,java.lang.String,java.lang.String)]]>
              </value>
            </param>
          </params>
          <reporter-output>
          </reporter-output>
        </test-method> <!-- beforeMethod -->
        <test-method status="PASS" signature="testLogin(java.lang.String, java.lang.String, java.lang.String, java.lang.String, java.lang.String, java.lang.String)[pri:0, instance:com.hybridFramework.homepage.TestDaataDrivenScript1@1ee807c6]" name="testLogin" duration-ms="0" started-at="2019-11-28T12:25:24Z" data-provider="testData" finished-at="2019-11-28T12:25:24Z">
          <params>
            <param index="0">
              <value>
                <![CDATA[A2]]>
              </value>
            </param>
            <param index="1">
              <value>
                <![CDATA[B2]]>
              </value>
            </param>
            <param index="2">
              <value>
                <![CDATA[C2]]>
              </value>
            </param>
            <param index="3">
              <value>
                <![CDATA[D2]]>
              </value>
            </param>
            <param index="4">
              <value>
                <![CDATA[E2]]>
              </value>
            </param>
            <param index="5">
              <value>
                <![CDATA[F2]]>
              </value>
            </param>
          </params>
          <reporter-output>
          </reporter-output>
        </test-method> <!-- testLogin -->
        <test-method status="PASS" signature="testLogin(java.lang.String, java.lang.String, java.lang.String, java.lang.String, java.lang.String, java.lang.String)[pri:0, instance:com.hybridFramework.homepage.TestDaataDrivenScript1@1ee807c6]" name="testLogin" duration-ms="0" started-at="2019-11-28T12:25:24Z" data-provider="testData" finished-at="2019-11-28T12:25:24Z">
          <params>
            <param index="0">
              <value>
                <![CDATA[A1]]>
              </value>
            </param>
            <param index="1">
              <value>
                <![CDATA[B1]]>
              </value>
            </param>
            <param index="2">
              <value>
                <![CDATA[C1]]>
              </value>
            </param>
            <param index="3">
              <value>
                <![CDATA[D1]]>
              </value>
            </param>
            <param index="4">
              <value>
                <![CDATA[E1]]>
              </value>
            </param>
            <param index="5">
              <value>
                <![CDATA[F1]]>
              </value>
            </param>
          </params>
          <reporter-output>
          </reporter-output>
        </test-method> <!-- testLogin -->
      </class> <!-- com.hybridFramework.homepage.TestDaataDrivenScript1 -->
      <class name="com.hybridFramework.homepage.TestDataDriverScript">
        <test-method status="PASS" signature="testLogin(java.lang.String, java.lang.String, java.lang.String)[pri:0, instance:com.hybridFramework.homepage.TestDataDriverScript@76a4d6c]" name="testLogin" duration-ms="0" started-at="2019-11-28T12:25:24Z" data-provider="testData" finished-at="2019-11-28T12:25:24Z">
          <params>
            <param index="0">
              <value>
                <![CDATA[automation@gmail.com]]>
              </value>
            </param>
            <param index="1">
              <value>
                <![CDATA[password]]>
              </value>
            </param>
            <param index="2">
              <value>
                <![CDATA[n]]>
              </value>
            </param>
          </params>
          <reporter-output>
          </reporter-output>
        </test-method> <!-- testLogin -->
        <test-method status="PASS" signature="beforeMethod(java.lang.reflect.Method)[pri:0, instance:com.hybridFramework.homepage.TestDataDriverScript@76a4d6c]" name="beforeMethod" is-config="true" duration-ms="0" started-at="2019-11-28T12:25:24Z" finished-at="2019-11-28T12:25:24Z">
          <params>
            <param index="0">
              <value>
                <![CDATA[public void com.hybridFramework.homepage.TestDataDriverScript.testLogin(java.lang.String,java.lang.String,java.lang.String)]]>
              </value>
            </param>
          </params>
          <reporter-output>
          </reporter-output>
        </test-method> <!-- beforeMethod -->
        <test-method status="PASS" signature="testLogin(java.lang.String, java.lang.String, java.lang.String)[pri:0, instance:com.hybridFramework.homepage.TestDataDriverScript@76a4d6c]" name="testLogin" duration-ms="0" started-at="2019-11-28T12:25:24Z" data-provider="testData" finished-at="2019-11-28T12:25:24Z">
          <params>
            <param index="0">
              <value>
                <![CDATA[automation@gmail.com]]>
              </value>
            </param>
            <param index="1">
              <value>
                <![CDATA[password]]>
              </value>
            </param>
            <param index="2">
              <value>
                <![CDATA[y]]>
              </value>
            </param>
          </params>
          <reporter-output>
          </reporter-output>
        </test-method> <!-- testLogin -->
        <test-method status="PASS" signature="beforeMethod(java.lang.reflect.Method)[pri:0, instance:com.hybridFramework.homepage.TestDataDriverScript@76a4d6c]" name="beforeMethod" is-config="true" duration-ms="0" started-at="2019-11-28T12:25:24Z" finished-at="2019-11-28T12:25:24Z">
          <params>
            <param index="0">
              <value>
                <![CDATA[public void com.hybridFramework.homepage.TestDataDriverScript.testLogin(java.lang.String,java.lang.String,java.lang.String)]]>
              </value>
            </param>
          </params>
          <reporter-output>
          </reporter-output>
        </test-method> <!-- beforeMethod -->
        <test-method status="PASS" signature="afterMethod(org.testng.ITestResult)[pri:0, instance:com.hybridFramework.homepage.TestDataDriverScript@76a4d6c]" name="afterMethod" is-config="true" duration-ms="0" started-at="2019-11-28T12:25:24Z" finished-at="2019-11-28T12:25:24Z">
          <params>
            <param index="0">
              <value>
                <![CDATA[[TestResult name=testLogin status=SUCCESS method=TestDataDriverScript.testLogin(java.lang.String, java.lang.String, java.lang.String)[pri:0, instance:com.hybridFramework.homepage.TestDataDriverScript@76a4d6c] output={null}]]]>
              </value>
            </param>
          </params>
          <reporter-output>
          </reporter-output>
        </test-method> <!-- afterMethod -->
        <test-method status="PASS" signature="afterMethod(org.testng.ITestResult)[pri:0, instance:com.hybridFramework.homepage.TestDataDriverScript@76a4d6c]" name="afterMethod" is-config="true" duration-ms="0" started-at="2019-11-28T12:25:24Z" finished-at="2019-11-28T12:25:24Z">
          <params>
            <param index="0">
              <value>
                <![CDATA[[TestResult name=testLogin status=SUCCESS method=TestDataDriverScript.testLogin(java.lang.String, java.lang.String, java.lang.String)[pri:0, instance:com.hybridFramework.homepage.TestDataDriverScript@76a4d6c] output={null}]]]>
              </value>
            </param>
          </params>
          <reporter-output>
          </reporter-output>
        </test-method> <!-- afterMethod -->
        <test-method status="PASS" signature="testLogin(java.lang.String, java.lang.String, java.lang.String)[pri:0, instance:com.hybridFramework.homepage.TestDataDriverScript@76a4d6c]" name="testLogin" duration-ms="0" started-at="2019-11-28T12:25:24Z" data-provider="testData" finished-at="2019-11-28T12:25:24Z">
          <params>
            <param index="0">
              <value>
                <![CDATA[automation@gmail.com]]>
              </value>
            </param>
            <param index="1">
              <value>
                <![CDATA[password]]>
              </value>
            </param>
            <param index="2">
              <value>
                <![CDATA[n]]>
              </value>
            </param>
          </params>
          <reporter-output>
          </reporter-output>
        </test-method> <!-- testLogin -->
        <test-method status="PASS" signature="beforeMethod(java.lang.reflect.Method)[pri:0, instance:com.hybridFramework.homepage.TestDataDriverScript@76a4d6c]" name="beforeMethod" is-config="true" duration-ms="0" started-at="2019-11-28T12:25:24Z" finished-at="2019-11-28T12:25:24Z">
          <params>
            <param index="0">
              <value>
                <![CDATA[public void com.hybridFramework.homepage.TestDataDriverScript.testLogin(java.lang.String,java.lang.String,java.lang.String)]]>
              </value>
            </param>
          </params>
          <reporter-output>
          </reporter-output>
        </test-method> <!-- beforeMethod -->
        <test-method status="PASS" signature="endTest()[pri:0, instance:com.hybridFramework.homepage.TestDataDriverScript@76a4d6c]" name="endTest" is-config="true" duration-ms="64" started-at="2019-11-28T12:25:24Z" finished-at="2019-11-28T12:25:24Z">
          <reporter-output>
          </reporter-output>
        </test-method> <!-- endTest -->
        <test-method status="PASS" signature="beforeMethod(java.lang.reflect.Method)[pri:0, instance:com.hybridFramework.homepage.TestDataDriverScript@76a4d6c]" name="beforeMethod" is-config="true" duration-ms="0" started-at="2019-11-28T12:25:24Z" finished-at="2019-11-28T12:25:24Z">
          <params>
            <param index="0">
              <value>
                <![CDATA[public void com.hybridFramework.homepage.TestDataDriverScript.testLogin(java.lang.String,java.lang.String,java.lang.String)]]>
              </value>
            </param>
          </params>
          <reporter-output>
          </reporter-output>
        </test-method> <!-- beforeMethod -->
        <test-method status="PASS" signature="testLogin(java.lang.String, java.lang.String, java.lang.String)[pri:0, instance:com.hybridFramework.homepage.TestDataDriverScript@76a4d6c]" name="testLogin" duration-ms="0" started-at="2019-11-28T12:25:24Z" data-provider="testData" finished-at="2019-11-28T12:25:24Z">
          <params>
            <param index="0">
              <value>
                <![CDATA[automation@gmail.com]]>
              </value>
            </param>
            <param index="1">
              <value>
                <![CDATA[password]]>
              </value>
            </param>
            <param index="2">
              <value>
                <![CDATA[n]]>
              </value>
            </param>
          </params>
          <reporter-output>
          </reporter-output>
        </test-method> <!-- testLogin -->
        <test-method status="PASS" signature="afterMethod(org.testng.ITestResult)[pri:0, instance:com.hybridFramework.homepage.TestDataDriverScript@76a4d6c]" name="afterMethod" is-config="true" duration-ms="0" started-at="2019-11-28T12:25:24Z" finished-at="2019-11-28T12:25:24Z">
          <params>
            <param index="0">
              <value>
                <![CDATA[[TestResult name=testLogin status=SUCCESS method=TestDataDriverScript.testLogin(java.lang.String, java.lang.String, java.lang.String)[pri:0, instance:com.hybridFramework.homepage.TestDataDriverScript@76a4d6c] output={null}]]]>
              </value>
            </param>
          </params>
          <reporter-output>
          </reporter-output>
        </test-method> <!-- afterMethod -->
        <test-method status="PASS" signature="beforeMethod(java.lang.reflect.Method)[pri:0, instance:com.hybridFramework.homepage.TestDataDriverScript@76a4d6c]" name="beforeMethod" is-config="true" duration-ms="0" started-at="2019-11-28T12:25:24Z" finished-at="2019-11-28T12:25:24Z">
          <params>
            <param index="0">
              <value>
                <![CDATA[public void com.hybridFramework.homepage.TestDataDriverScript.testLogin(java.lang.String,java.lang.String,java.lang.String)]]>
              </value>
            </param>
          </params>
          <reporter-output>
          </reporter-output>
        </test-method> <!-- beforeMethod -->
        <test-method status="PASS" signature="afterMethod(org.testng.ITestResult)[pri:0, instance:com.hybridFramework.homepage.TestDataDriverScript@76a4d6c]" name="afterMethod" is-config="true" duration-ms="0" started-at="2019-11-28T12:25:24Z" finished-at="2019-11-28T12:25:24Z">
          <params>
            <param index="0">
              <value>
                <![CDATA[[TestResult name=testLogin status=SUCCESS method=TestDataDriverScript.testLogin(java.lang.String, java.lang.String, java.lang.String)[pri:0, instance:com.hybridFramework.homepage.TestDataDriverScript@76a4d6c] output={null}]]]>
              </value>
            </param>
          </params>
          <reporter-output>
          </reporter-output>
        </test-method> <!-- afterMethod -->
        <test-method status="PASS" signature="testLogin(java.lang.String, java.lang.String, java.lang.String)[pri:0, instance:com.hybridFramework.homepage.TestDataDriverScript@76a4d6c]" name="testLogin" duration-ms="0" started-at="2019-11-28T12:25:24Z" data-provider="testData" finished-at="2019-11-28T12:25:24Z">
          <params>
            <param index="0">
              <value>
                <![CDATA[automation@gmail.com]]>
              </value>
            </param>
            <param index="1">
              <value>
                <![CDATA[password]]>
              </value>
            </param>
            <param index="2">
              <value>
                <![CDATA[y]]>
              </value>
            </param>
          </params>
          <reporter-output>
          </reporter-output>
        </test-method> <!-- testLogin -->
        <test-method status="PASS" signature="afterMethod(org.testng.ITestResult)[pri:0, instance:com.hybridFramework.homepage.TestDataDriverScript@76a4d6c]" name="afterMethod" is-config="true" duration-ms="0" started-at="2019-11-28T12:25:24Z" finished-at="2019-11-28T12:25:24Z">
          <params>
            <param index="0">
              <value>
                <![CDATA[[TestResult name=testLogin status=SUCCESS method=TestDataDriverScript.testLogin(java.lang.String, java.lang.String, java.lang.String)[pri:0, instance:com.hybridFramework.homepage.TestDataDriverScript@76a4d6c] output={null}]]]>
              </value>
            </param>
          </params>
          <reporter-output>
          </reporter-output>
        </test-method> <!-- afterMethod -->
        <test-method status="PASS" signature="testLogin(java.lang.String, java.lang.String, java.lang.String)[pri:0, instance:com.hybridFramework.homepage.TestDataDriverScript@76a4d6c]" name="testLogin" duration-ms="0" started-at="2019-11-28T12:25:24Z" data-provider="testData" finished-at="2019-11-28T12:25:24Z">
          <params>
            <param index="0">
              <value>
                <![CDATA[automation@gmail.com]]>
              </value>
            </param>
            <param index="1">
              <value>
                <![CDATA[password]]>
              </value>
            </param>
            <param index="2">
              <value>
                <![CDATA[y]]>
              </value>
            </param>
          </params>
          <reporter-output>
          </reporter-output>
        </test-method> <!-- testLogin -->
        <test-method status="PASS" signature="afterMethod(org.testng.ITestResult)[pri:0, instance:com.hybridFramework.homepage.TestDataDriverScript@76a4d6c]" name="afterMethod" is-config="true" duration-ms="0" started-at="2019-11-28T12:25:24Z" finished-at="2019-11-28T12:25:24Z">
          <params>
            <param index="0">
              <value>
                <![CDATA[[TestResult name=testLogin status=SUCCESS method=TestDataDriverScript.testLogin(java.lang.String, java.lang.String, java.lang.String)[pri:0, instance:com.hybridFramework.homepage.TestDataDriverScript@76a4d6c] output={null}]]]>
              </value>
            </param>
          </params>
          <reporter-output>
          </reporter-output>
        </test-method> <!-- afterMethod -->
        <test-method status="PASS" signature="beforeMethod(java.lang.reflect.Method)[pri:0, instance:com.hybridFramework.homepage.TestDataDriverScript@76a4d6c]" name="beforeMethod" is-config="true" duration-ms="0" started-at="2019-11-28T12:25:24Z" finished-at="2019-11-28T12:25:24Z">
          <params>
            <param index="0">
              <value>
                <![CDATA[public void com.hybridFramework.homepage.TestDataDriverScript.testLogin(java.lang.String,java.lang.String,java.lang.String)]]>
              </value>
            </param>
          </params>
          <reporter-output>
          </reporter-output>
        </test-method> <!-- beforeMethod -->
        <test-method status="PASS" signature="afterMethod(org.testng.ITestResult)[pri:0, instance:com.hybridFramework.homepage.TestDataDriverScript@76a4d6c]" name="afterMethod" is-config="true" duration-ms="0" started-at="2019-11-28T12:25:24Z" finished-at="2019-11-28T12:25:24Z">
          <params>
            <param index="0">
              <value>
                <![CDATA[[TestResult name=testLogin status=SUCCESS method=TestDataDriverScript.testLogin(java.lang.String, java.lang.String, java.lang.String)[pri:0, instance:com.hybridFramework.homepage.TestDataDriverScript@76a4d6c] output={null}]]]>
              </value>
            </param>
          </params>
          <reporter-output>
          </reporter-output>
        </test-method> <!-- afterMethod -->
        <test-method status="PASS" signature="beforeMethod(java.lang.reflect.Method)[pri:0, instance:com.hybridFramework.homepage.TestDataDriverScript@76a4d6c]" name="beforeMethod" is-config="true" duration-ms="0" started-at="2019-11-28T12:25:24Z" finished-at="2019-11-28T12:25:24Z">
          <params>
            <param index="0">
              <value>
                <![CDATA[public void com.hybridFramework.homepage.TestDataDriverScript.testLogin(java.lang.String,java.lang.String,java.lang.String)]]>
              </value>
            </param>
          </params>
          <reporter-output>
          </reporter-output>
        </test-method> <!-- beforeMethod -->
        <test-method status="PASS" signature="testLogin(java.lang.String, java.lang.String, java.lang.String)[pri:0, instance:com.hybridFramework.homepage.TestDataDriverScript@76a4d6c]" name="testLogin" duration-ms="0" started-at="2019-11-28T12:25:24Z" data-provider="testData" finished-at="2019-11-28T12:25:24Z">
          <params>
            <param index="0">
              <value>
                <![CDATA[automation@gmail.com]]>
              </value>
            </param>
            <param index="1">
              <value>
                <![CDATA[password]]>
              </value>
            </param>
            <param index="2">
              <value>
                <![CDATA[n]]>
              </value>
            </param>
          </params>
          <reporter-output>
          </reporter-output>
        </test-method> <!-- testLogin -->
      </class> <!-- com.hybridFramework.homepage.TestDataDriverScript -->
      <class name="com.hybridFramework.loginPage.LoginTest">
        <test-method status="PASS" signature="beforeMethod(java.lang.reflect.Method)[pri:0, instance:com.hybridFramework.loginPage.LoginTest@517cd4b]" name="beforeMethod" is-config="true" duration-ms="1" started-at="2019-11-28T12:25:24Z" finished-at="2019-11-28T12:25:24Z">
          <params>
            <param index="0">
              <value>
                <![CDATA[public void com.hybridFramework.loginPage.LoginTest.testLoginToApplication()]]>
              </value>
            </param>
          </params>
          <reporter-output>
          </reporter-output>
        </test-method> <!-- beforeMethod -->
        <test-method status="FAIL" signature="testLoginToApplication()[pri:0, instance:com.hybridFramework.loginPage.LoginTest@517cd4b]" name="testLoginToApplication" duration-ms="1" started-at="2019-11-28T12:25:24Z" finished-at="2019-11-28T12:25:24Z">
          <exception class="java.lang.NullPointerException">
            <full-stacktrace>
              <![CDATA[java.lang.NullPointerException
	at com.hybridFramework.loginPage.LoginTest.testLoginToApplication(LoginTest.java:20)
	at sun.reflect.NativeMethodAccessorImpl.invoke0(Native Method)
	at sun.reflect.NativeMethodAccessorImpl.invoke(Unknown Source)
	at sun.reflect.DelegatingMethodAccessorImpl.invoke(Unknown Source)
	at java.lang.reflect.Method.invoke(Unknown Source)
	at org.testng.internal.MethodInvocationHelper.invokeMethod(MethodInvocationHelper.java:104)
	at org.testng.internal.Invoker.invokeMethod(Invoker.java:645)
	at org.testng.internal.Invoker.invokeTestMethod(Invoker.java:851)
	at org.testng.internal.Invoker.invokeTestMethods(Invoker.java:1177)
	at org.testng.internal.TestMethodWorker.invokeTestMethods(TestMethodWorker.java:129)
	at org.testng.internal.TestMethodWorker.run(TestMethodWorker.java:112)
	at org.testng.TestRunner.privateRun(TestRunner.java:756)
	at org.testng.TestRunner.run(TestRunner.java:610)
	at org.testng.SuiteRunner.runTest(SuiteRunner.java:387)
	at org.testng.SuiteRunner.runSequentially(SuiteRunner.java:382)
	at org.testng.SuiteRunner.privateRun(SuiteRunner.java:340)
	at org.testng.SuiteRunner.run(SuiteRunner.java:289)
	at org.testng.SuiteRunnerWorker.runSuite(SuiteRunnerWorker.java:52)
	at org.testng.SuiteRunnerWorker.run(SuiteRunnerWorker.java:86)
	at org.testng.TestNG.runSuitesSequentially(TestNG.java:1293)
	at org.testng.TestNG.runSuitesLocally(TestNG.java:1218)
	at org.testng.TestNG.runSuites(TestNG.java:1133)
	at org.testng.TestNG.run(TestNG.java:1104)
	at org.apache.maven.surefire.testng.TestNGExecutor.run(TestNGExecutor.java:77)
	at org.apache.maven.surefire.testng.TestNGDirectoryTestSuite.executeMulti(TestNGDirectoryTestSuite.java:159)
	at org.apache.maven.surefire.testng.TestNGDirectoryTestSuite.execute(TestNGDirectoryTestSuite.java:99)
	at org.apache.maven.surefire.testng.TestNGProvider.invoke(TestNGProvider.java:106)
	at sun.reflect.NativeMethodAccessorImpl.invoke0(Native Method)
	at sun.reflect.NativeMethodAccessorImpl.invoke(Unknown Source)
	at sun.reflect.DelegatingMethodAccessorImpl.invoke(Unknown Source)
	at java.lang.reflect.Method.invoke(Unknown Source)
	at org.apache.maven.surefire.util.ReflectionUtils.invokeMethodWithArray(ReflectionUtils.java:189)
	at org.apache.maven.surefire.booter.ProviderFactory$ProviderProxy.invoke(ProviderFactory.java:165)
	at org.apache.maven.surefire.booter.ProviderFactory.invokeProvider(ProviderFactory.java:85)
	at org.apache.maven.surefire.booter.ForkedBooter.runSuitesInProcess(ForkedBooter.java:115)
	at org.apache.maven.surefire.booter.ForkedBooter.main(ForkedBooter.java:75)
]]>
            </full-stacktrace>
          </exception> <!-- java.lang.NullPointerException -->
          <reporter-output>
          </reporter-output>
        </test-method> <!-- testLoginToApplication -->
        <test-method status="FAIL" signature="afterMethod(org.testng.ITestResult)[pri:0, instance:com.hybridFramework.loginPage.LoginTest@517cd4b]" name="afterMethod" is-config="true" duration-ms="0" started-at="2019-11-28T12:25:24Z" finished-at="2019-11-28T12:25:24Z">
          <params>
            <param index="0">
              <value>
                <![CDATA[[TestResult name=testLoginToApplication status=FAILURE method=LoginTest.testLoginToApplication()[pri:0, instance:com.hybridFramework.loginPage.LoginTest@517cd4b] output={null}]]]>
              </value>
            </param>
          </params>
          <exception class="java.lang.NullPointerException">
            <full-stacktrace>
              <![CDATA[java.lang.NullPointerException
	at com.hybridFramework.testBase.TestBase.getScreenShot(TestBase.java:135)
	at com.hybridFramework.testBase.TestBase.getresult(TestBase.java:154)
	at com.hybridFramework.testBase.TestBase.afterMethod(TestBase.java:163)
	at sun.reflect.NativeMethodAccessorImpl.invoke0(Native Method)
	at sun.reflect.NativeMethodAccessorImpl.invoke(Unknown Source)
	at sun.reflect.DelegatingMethodAccessorImpl.invoke(Unknown Source)
	at java.lang.reflect.Method.invoke(Unknown Source)
	at org.testng.internal.MethodInvocationHelper.invokeMethod(MethodInvocationHelper.java:104)
	at org.testng.internal.Invoker.invokeConfigurationMethod(Invoker.java:515)
	at org.testng.internal.Invoker.invokeConfigurations(Invoker.java:217)
	at org.testng.internal.Invoker.invokeMethod(Invoker.java:712)
	at org.testng.internal.Invoker.invokeTestMethod(Invoker.java:851)
	at org.testng.internal.Invoker.invokeTestMethods(Invoker.java:1177)
	at org.testng.internal.TestMethodWorker.invokeTestMethods(TestMethodWorker.java:129)
	at org.testng.internal.TestMethodWorker.run(TestMethodWorker.java:112)
	at org.testng.TestRunner.privateRun(TestRunner.java:756)
	at org.testng.TestRunner.run(TestRunner.java:610)
	at org.testng.SuiteRunner.runTest(SuiteRunner.java:387)
	at org.testng.SuiteRunner.runSequentially(SuiteRunner.java:382)
	at org.testng.SuiteRunner.privateRun(SuiteRunner.java:340)
	at org.testng.SuiteRunner.run(SuiteRunner.java:289)
	at org.testng.SuiteRunnerWorker.runSuite(SuiteRunnerWorker.java:52)
	at org.testng.SuiteRunnerWorker.run(SuiteRunnerWorker.java:86)
	at org.testng.TestNG.runSuitesSequentially(TestNG.java:1293)
	at org.testng.TestNG.runSuitesLocally(TestNG.java:1218)
	at org.testng.TestNG.runSuites(TestNG.java:1133)
	at org.testng.TestNG.run(TestNG.java:1104)
	at org.apache.maven.surefire.testng.TestNGExecutor.run(TestNGExecutor.java:77)
	at org.apache.maven.surefire.testng.TestNGDirectoryTestSuite.executeMulti(TestNGDirectoryTestSuite.java:159)
	at org.apache.maven.surefire.testng.TestNGDirectoryTestSuite.execute(TestNGDirectoryTestSuite.java:99)
	at org.apache.maven.surefire.testng.TestNGProvider.invoke(TestNGProvider.java:106)
	at sun.reflect.NativeMethodAccessorImpl.invoke0(Native Method)
	at sun.reflect.NativeMethodAccessorImpl.invoke(Unknown Source)
	at sun.reflect.DelegatingMethodAccessorImpl.invoke(Unknown Source)
	at java.lang.reflect.Method.invoke(Unknown Source)
	at org.apache.maven.surefire.util.ReflectionUtils.invokeMethodWithArray(ReflectionUtils.java:189)
	at org.apache.maven.surefire.booter.ProviderFactory$ProviderProxy.invoke(ProviderFactory.java:165)
	at org.apache.maven.surefire.booter.ProviderFactory.invokeProvider(ProviderFactory.java:85)
	at org.apache.maven.surefire.booter.ForkedBooter.runSuitesInProcess(ForkedBooter.java:115)
	at org.apache.maven.surefire.booter.ForkedBooter.main(ForkedBooter.java:75)
]]>
            </full-stacktrace>
          </exception> <!-- java.lang.NullPointerException -->
          <reporter-output>
          </reporter-output>
        </test-method> <!-- afterMethod -->
        <test-method status="PASS" signature="endTest()[pri:0, instance:com.hybridFramework.loginPage.LoginTest@517cd4b]" name="endTest" is-config="true" duration-ms="15" started-at="2019-11-28T12:25:24Z" finished-at="2019-11-28T12:25:24Z">
          <reporter-output>
          </reporter-output>
        </test-method> <!-- endTest -->
      </class> <!-- com.hybridFramework.loginPage.LoginTest -->
    </test> <!-- Command line test -->
  </suite> <!-- Command line suite -->
</testng-results>
