<?xml version="1.0" encoding="UTF-8"?>
<testng-results skipped="0" failed="0" ignored="0" total="1" passed="1">
  <reporter-output>
  </reporter-output>
  <suite name="Default suite" duration-ms="18057" started-at="2019-07-23T11:08:06Z" finished-at="2019-07-23T11:08:24Z">
    <groups>
    </groups>
    <test name="Default test" duration-ms="18057" started-at="2019-07-23T11:08:06Z" finished-at="2019-07-23T11:08:24Z">
      <class name="com.hybridFramework.loginPage.LoginTest">
        <test-method status="PASS" signature="launchBrowser()[pri:0, instance:com.hybridFramework.loginPage.LoginTest@275710fc]" name="launchBrowser" is-config="true" duration-ms="3577" started-at="2019-07-23T16:38:06Z" finished-at="2019-07-23T16:38:10Z">
          <reporter-output>
          </reporter-output>
        </test-method> <!-- launchBrowser -->
        <test-method status="PASS" signature="beforeMethod(java.lang.reflect.Method)[pri:0, instance:com.hybridFramework.loginPage.LoginTest@275710fc]" name="beforeMethod" is-config="true" duration-ms="3" started-at="2019-07-23T16:38:10Z" finished-at="2019-07-23T16:38:10Z">
          <params>
            <param index="0">
              <value>
                <![CDATA[public void com.hybridFramework.loginPage.LoginTest.testLoginToApplication()]]>
              </value>
            </param>
          </params>
          <reporter-output>
          </reporter-output>
        </test-method> <!-- beforeMethod -->
        <test-method status="PASS" signature="testLoginToApplication()[pri:0, instance:com.hybridFramework.loginPage.LoginTest@275710fc]" name="testLoginToApplication" duration-ms="14247" started-at="2019-07-23T16:38:10Z" finished-at="2019-07-23T16:38:24Z">
          <reporter-output>
          </reporter-output>
        </test-method> <!-- testLoginToApplication -->
        <test-method status="PASS" signature="endTest()[pri:0, instance:com.hybridFramework.loginPage.LoginTest@275710fc]" name="endTest" is-config="true" duration-ms="211" started-at="2019-07-23T16:38:24Z" finished-at="2019-07-23T16:38:24Z">
          <reporter-output>
          </reporter-output>
        </test-method> <!-- endTest -->
        <test-method status="PASS" signature="afterMethod(org.testng.ITestResult)[pri:0, instance:com.hybridFramework.loginPage.LoginTest@275710fc]" name="afterMethod" is-config="true" duration-ms="0" started-at="2019-07-23T16:38:24Z" finished-at="2019-07-23T16:38:24Z">
          <params>
            <param index="0">
              <value>
                <![CDATA[[TestResult name=testLoginToApplication status=SUCCESS method=LoginTest.testLoginToApplication()[pri:0, instance:com.hybridFramework.loginPage.LoginTest@275710fc] output={null}]]]>
              </value>
            </param>
          </params>
          <reporter-output>
          </reporter-output>
        </test-method> <!-- afterMethod -->
      </class> <!-- com.hybridFramework.loginPage.LoginTest -->
    </test> <!-- Default test -->
  </suite> <!-- Default suite -->
</testng-results>
