<?xml version="1.0" encoding="UTF-8"?>
<!-- Generated by org.testng.reporters.JUnitXMLReporter -->
<testsuite hostname="PIL-PC-1048" ignored="1" name="Test" tests="2" failures="1" timestamp="10 Dec 2019 11:36:20 GMT" time="78.135" errors="0">
  <testcase name="@AfterMethod afterMethod" time="0.0" classname="com.hybridFramework.testBase.TestBase">
    <failure type="java.lang.NullPointerException">
      <![CDATA[java.lang.NullPointerException
	at com.hybridFramework.testBase.TestBase.getScreenShot(TestBase.java:135)
	at com.hybridFramework.testBase.TestBase.getresult(TestBase.java:154)
	at com.hybridFramework.testBase.TestBase.afterMethod(TestBase.java:163)
... Removed 27 stack frames]]>
    </failure>
  </testcase> <!-- @AfterMethod afterMethod -->
  <testcase name="testLoginToApplication" time="11.116" classname="com.hybridFramework.loginPage.LoginTest"/>
  <testcase name="testVerifyProductCounts" time="46.954" classname="com.hybridFramework.productDetailsPage.VerifyProductCounts">
    <failure type="java.lang.NullPointerException">
      <![CDATA[java.lang.NullPointerException
	at org.openqa.selenium.support.pagefactory.DefaultElementLocator.findElement(DefaultElementLocator.java:69)
	at org.openqa.selenium.support.pagefactory.internal.LocatingElementHandler.invoke(LocatingElementHandler.java:38)
	at com.sun.proxy.$Proxy9.getText(Unknown Source)
	at com.hybridFramework.PageObject.HomePage.clickOnMenu(HomePage.java:64)
	at com.hybridFramework.productDetailsPage.VerifyProductCounts.testVerifyProductCounts(VerifyProductCounts.java:31)
... Removed 25 stack frames]]>
    </failure>
  </testcase> <!-- testVerifyProductCounts -->
  <testcase name="@BeforeTest launchBrowser" time="0.0" classname="com.hybridFramework.testBase.TestBase">
    <ignored/>
  </testcase> <!-- @BeforeTest launchBrowser -->
</testsuite> <!-- Test -->
